TN:
SF:src/Book.sol
FN:28,Book.
FNDA:0,Book.
DA:29,0
DA:29,0
BRDA:29,0,0,-
BRDA:29,0,1,-
DA:30,0
DA:30,0
BRDA:30,1,0,-
BRDA:30,1,1,-
DA:31,0
DA:31,0
DA:32,0
DA:32,0
FN:35,Book.buy
FNDA:9,Book.buy
DA:36,9
DA:36,9
BRDA:36,2,0,-
BRDA:36,2,1,9
DA:37,9
DA:37,9
BRDA:37,3,0,1
BRDA:37,3,1,8
DA:38,8
DA:38,8
BRDA:38,4,0,-
BRDA:38,4,1,8
DA:42,8
DA:42,8
BRDA:42,5,0,-
BRDA:42,5,1,8
DA:47,8
DA:47,8
DA:47,8
DA:47,0
DA:48,1
DA:48,1
DA:48,1
DA:48,1
BRDA:48,6,0,-
BRDA:48,6,1,1
DA:49,1
DA:49,1
BRDA:49,7,0,-
BRDA:49,7,1,1
DA:53,1
DA:53,1
BRDA:53,8,0,-
BRDA:53,8,1,1
DA:57,1
DA:57,1
DA:63,1
DA:63,1
DA:64,1
DA:64,1
DA:68,7
DA:68,7
DA:69,7
DA:69,7
FN:72,Book.sell
FNDA:9,Book.sell
DA:73,9
DA:73,9
BRDA:73,9,0,1
BRDA:73,9,1,8
DA:74,8
DA:74,8
BRDA:74,10,0,-
BRDA:74,10,1,8
DA:75,8
DA:75,8
BRDA:75,11,0,-
BRDA:75,11,1,8
DA:79,8
DA:79,8
BRDA:79,12,0,-
BRDA:79,12,1,8
DA:84,8
DA:84,8
DA:84,9
DA:84,1
DA:85,3
DA:85,3
DA:85,3
DA:85,2
BRDA:85,13,0,-
BRDA:85,13,1,2
DA:86,2
DA:86,2
BRDA:86,14,0,-
BRDA:86,14,1,2
DA:94,2
DA:94,2
BRDA:94,15,0,-
BRDA:94,15,1,2
DA:102,2
DA:102,2
DA:108,2
DA:108,2
DA:109,2
DA:109,2
DA:113,6
DA:113,6
BRDA:113,16,0,-
BRDA:113,16,1,6
DA:118,6
DA:118,6
DA:119,6
DA:119,6
FN:122,Book.removeSellOrder
FNDA:3,Book.removeSellOrder
DA:123,4
DA:123,4
BRDA:123,17,0,1
BRDA:123,17,1,3
DA:125,3
DA:125,3
DA:125,3
BRDA:125,18,0,-
BRDA:125,18,1,1
DA:126,1
DA:126,1
DA:128,3
DA:128,3
FN:131,Book.removeBuyOrder
FNDA:3,Book.removeBuyOrder
DA:132,5
DA:132,5
BRDA:132,19,0,1
BRDA:132,19,1,4
DA:134,4
DA:134,4
DA:134,4
BRDA:134,20,0,-
BRDA:134,20,1,1
DA:135,1
DA:135,1
DA:137,4
DA:137,4
FN:140,Book.getBuysLength
FNDA:7,Book.getBuysLength
DA:141,7
DA:141,7
FN:144,Book.getSellsLength
FNDA:6,Book.getSellsLength
DA:145,6
DA:145,6
FNF:7
FNH:6
LF:41
LH:37
BRF:42
BRH:23
end_of_record
TN:
SF:src/MockERC20.sol
FN:7,MockERC20.
FNDA:65,MockERC20.
FN:12,MockERC20.mint
FNDA:4,MockERC20.mint
DA:13,4
DA:13,4
FN:17,MockERC20.approve
FNDA:53,MockERC20.approve
DA:18,53
DA:18,53
DA:18,53
FNF:3
FNH:3
LF:2
LH:2
BRF:0
BRH:0
end_of_record
