TN:
SF:src/Book.sol
FN:27,Book.
FNDA:0,Book.
DA:28,0
DA:28,0
FN:31,Book.buy
FNDA:10,Book.buy
DA:32,10
DA:32,10
BRDA:32,0,0,1
BRDA:32,0,1,9
DA:33,9
DA:33,9
DA:33,9
DA:33,0
DA:34,1
DA:34,1
DA:34,1
DA:34,1
BRDA:34,1,0,-
BRDA:34,1,1,1
DA:35,1
DA:35,1
BRDA:35,2,0,-
BRDA:35,2,1,1
DA:39,1
DA:39,1
DA:39,1
DA:40,1
DA:40,1
BRDA:40,3,0,-
BRDA:40,3,1,1
DA:41,1
DA:41,1
DA:47,1
DA:47,1
DA:48,1
DA:48,1
DA:51,8
DA:51,8
DA:52,8
DA:52,8
FN:55,Book.sell
FNDA:9,Book.sell
DA:56,9
DA:56,9
DA:56,10
DA:56,1
DA:57,3
DA:57,3
DA:57,3
DA:57,2
BRDA:57,4,0,-
BRDA:57,4,1,2
DA:58,2
DA:58,2
BRDA:58,5,0,-
BRDA:58,5,1,2
DA:66,2
DA:66,2
DA:66,2
DA:67,2
DA:67,2
BRDA:67,6,0,-
BRDA:67,6,1,2
DA:68,2
DA:68,2
DA:74,2
DA:74,2
DA:75,2
DA:75,2
DA:78,7
DA:78,7
BRDA:78,7,0,-
BRDA:78,7,1,7
DA:82,7
DA:82,7
DA:83,7
DA:83,7
FN:86,Book.removeSellOrder
FNDA:3,Book.removeSellOrder
DA:87,4
DA:87,4
DA:87,4
BRDA:87,8,0,-
BRDA:87,8,1,1
DA:88,1
DA:88,1
DA:90,3
DA:90,3
FN:93,Book.removeBuyOrder
FNDA:3,Book.removeBuyOrder
DA:94,5
DA:94,5
DA:94,5
BRDA:94,9,0,-
BRDA:94,9,1,1
DA:95,1
DA:95,1
DA:97,4
DA:97,4
FN:100,Book.getBuysLength
FNDA:10,Book.getBuysLength
DA:101,10
DA:101,10
FN:104,Book.getSellsLength
FNDA:8,Book.getSellsLength
DA:105,8
DA:105,8
FNF:7
FNH:6
LF:31
LH:30
BRF:20
BRH:11
end_of_record
TN:
SF:src/MockERC20.sol
FN:7,MockERC20.
FNDA:41,MockERC20.
FN:12,MockERC20.mint
FNDA:4,MockERC20.mint
DA:13,4
DA:13,4
FN:17,MockERC20.approve
FNDA:18,MockERC20.approve
DA:18,18
DA:18,18
DA:18,18
FNF:3
FNH:3
LF:2
LH:2
BRF:0
BRH:0
end_of_record
